/mnt/c/Users/Work/Documents/esp-ws/esp-idf-v4.4/tools/idf.py:375: DeprecationWarning: 'MultiCommand' is deprecated and will be removed in Click 9.0. Use 'Group' instead.
  class CLI(click.MultiCommand):
-- Found Git: /usr/bin/git (found version "2.43.0") 
-- The C compiler identification is GNU 8.4.0
-- The CXX compiler identification is GNU 8.4.0
-- The ASM compiler identification is GNU
-- Found assembler: /home/test/.espressif/tools/xtensa-esp32-elf/esp-2021r2-patch5-8.4.0/xtensa-esp32-elf/bin/xtensa-esp32-elf-gcc
-- Detecting C compiler ABI info
-- Detecting C compiler ABI info - done
-- Check for working C compiler: /home/test/.espressif/tools/xtensa-esp32-elf/esp-2021r2-patch5-8.4.0/xtensa-esp32-elf/bin/xtensa-esp32-elf-gcc - skipped
-- Detecting C compile features
-- Detecting C compile features - done
-- Detecting CXX compiler ABI info
-- Detecting CXX compiler ABI info - done
-- Check for working CXX compiler: /home/test/.espressif/tools/xtensa-esp32-elf/esp-2021r2-patch5-8.4.0/xtensa-esp32-elf/bin/xtensa-esp32-elf-g++ - skipped
-- Detecting CXX compile features
-- Detecting CXX compile features - done
-- Building ESP-IDF components for target esp32
-- Project sdkconfig file /mnt/c/Users/Work/Documents/GitHub/microByte_firmware/sdkconfig
CMake Deprecation Warning at /mnt/c/Users/Work/Documents/esp-ws/esp-idf-v4.4/components/mbedtls/mbedtls/CMakeLists.txt:23 (cmake_minimum_required):
  Compatibility with CMake < 3.5 will be removed from a future version of
  CMake.

  Update the VERSION argument <min> value or use a ...<max> suffix to tell
  CMake that the project does not need compatibility with older versions.


-- Found Python3: /home/test/.espressif/python_env/idf4.4_py3.12_env/bin/python3 (found version "3.12.3") found components: Interpreter 
-- Performing Test C_COMPILER_SUPPORTS_WFORMAT_SIGNEDNESS
-- Performing Test C_COMPILER_SUPPORTS_WFORMAT_SIGNEDNESS - Success
-- App "microByte" version: v0.83-30-g26859a6-dirty
-- Adding linker script /mnt/c/Users/Work/Documents/GitHub/microByte_firmware/build/esp-idf/esp_system/ld/memory.ld
-- Adding linker script /mnt/c/Users/Work/Documents/esp-ws/esp-idf-v4.4/components/esp_system/ld/esp32/sections.ld.in
-- Adding linker script /mnt/c/Users/Work/Documents/esp-ws/esp-idf-v4.4/components/esp_rom/esp32/ld/esp32.rom.ld
-- Adding linker script /mnt/c/Users/Work/Documents/esp-ws/esp-idf-v4.4/components/esp_rom/esp32/ld/esp32.rom.api.ld
-- Adding linker script /mnt/c/Users/Work/Documents/esp-ws/esp-idf-v4.4/components/esp_rom/esp32/ld/esp32.rom.libgcc.ld
-- Adding linker script /mnt/c/Users/Work/Documents/esp-ws/esp-idf-v4.4/components/esp_rom/esp32/ld/esp32.rom.newlib-data.ld
-- Adding linker script /mnt/c/Users/Work/Documents/esp-ws/esp-idf-v4.4/components/esp_rom/esp32/ld/esp32.rom.syscalls.ld
-- Adding linker script /mnt/c/Users/Work/Documents/esp-ws/esp-idf-v4.4/components/esp_rom/esp32/ld/esp32.rom.newlib-funcs.ld
-- Adding linker script /mnt/c/Users/Work/Documents/esp-ws/esp-idf-v4.4/components/esp_rom/esp32/ld/esp32.rom.newlib-time.ld
-- Adding linker script /mnt/c/Users/Work/Documents/esp-ws/esp-idf-v4.4/components/soc/esp32/ld/esp32.peripherals.ld
-- Components: GBC GUI LED NES OTA SMS ST7789 TCA9555 app_trace app_update asio backlight_ctrl battery boot_screen bootloader bootloader_support bt cbor cmock coap console cxx display_HAL driver efuse esp-tls esp32 esp_adc_cal esp_common esp_eth esp_event esp_gdbstub esp_hid esp_http_client esp_http_server esp_https_ota esp_https_server esp_hw_support esp_ipc esp_lcd esp_local_ctrl esp_netif esp_phy esp_pm esp_ringbuf esp_rom esp_serial_slave_link esp_system esp_timer esp_websocket_client esp_wifi espcoredump esptool_py expat fatfs font_render freemodbus freertos hal heap idf_test ieee802154 jsmn json libsodium log lvgl lwip main mbedtls mdns mqtt newlib nghttp nvs_flash openssl openthread partition_table perfmon protobuf-c protocomm pthread sd_storage sdmmc soc sound spi_flash spiffs system_configuration tcp_transport tcpip_adapter tinyusb ulp unity usb user_input vfs wear_levelling wifi_provisioning wpa_supplicant xtensa
-- Component paths: /mnt/c/Users/Work/Documents/GitHub/microByte_firmware/components/GBC /mnt/c/Users/Work/Documents/GitHub/microByte_firmware/components/GUI /mnt/c/Users/Work/Documents/GitHub/microByte_firmware/components/LED /mnt/c/Users/Work/Documents/GitHub/microByte_firmware/components/NES /mnt/c/Users/Work/Documents/GitHub/microByte_firmware/components/OTA /mnt/c/Users/Work/Documents/GitHub/microByte_firmware/components/SMS /mnt/c/Users/Work/Documents/GitHub/microByte_firmware/components/ST7789 /mnt/c/Users/Work/Documents/GitHub/microByte_firmware/components/TCA9555 /mnt/c/Users/Work/Documents/esp-ws/esp-idf-v4.4/components/app_trace /mnt/c/Users/Work/Documents/esp-ws/esp-idf-v4.4/components/app_update /mnt/c/Users/Work/Documents/esp-ws/esp-idf-v4.4/components/asio /mnt/c/Users/Work/Documents/GitHub/microByte_firmware/components/backlight_ctrl /mnt/c/Users/Work/Documents/GitHub/microByte_firmware/components/battery /mnt/c/Users/Work/Documents/GitHub/microByte_firmware/components/boot_screen /mnt/c/Users/Work/Documents/esp-ws/esp-idf-v4.4/components/bootloader /mnt/c/Users/Work/Documents/esp-ws/esp-idf-v4.4/components/bootloader_support /mnt/c/Users/Work/Documents/esp-ws/esp-idf-v4.4/components/bt /mnt/c/Users/Work/Documents/esp-ws/esp-idf-v4.4/components/cbor /mnt/c/Users/Work/Documents/esp-ws/esp-idf-v4.4/components/cmock /mnt/c/Users/Work/Documents/esp-ws/esp-idf-v4.4/components/coap /mnt/c/Users/Work/Documents/esp-ws/esp-idf-v4.4/components/console /mnt/c/Users/Work/Documents/esp-ws/esp-idf-v4.4/components/cxx /mnt/c/Users/Work/Documents/GitHub/microByte_firmware/components/display_HAL /mnt/c/Users/Work/Documents/esp-ws/esp-idf-v4.4/components/driver /mnt/c/Users/Work/Documents/esp-ws/esp-idf-v4.4/components/efuse /mnt/c/Users/Work/Documents/esp-ws/esp-idf-v4.4/components/esp-tls /mnt/c/Users/Work/Documents/esp-ws/esp-idf-v4.4/components/esp32 /mnt/c/Users/Work/Documents/esp-ws/esp-idf-v4.4/components/esp_adc_cal /mnt/c/Users/Work/Documents/esp-ws/esp-idf-v4.4/components/esp_common /mnt/c/Users/Work/Documents/esp-ws/esp-idf-v4.4/components/esp_eth /mnt/c/Users/Work/Documents/esp-ws/esp-idf-v4.4/components/esp_event /mnt/c/Users/Work/Documents/esp-ws/esp-idf-v4.4/components/esp_gdbstub /mnt/c/Users/Work/Documents/esp-ws/esp-idf-v4.4/components/esp_hid /mnt/c/Users/Work/Documents/esp-ws/esp-idf-v4.4/components/esp_http_client /mnt/c/Users/Work/Documents/esp-ws/esp-idf-v4.4/components/esp_http_server /mnt/c/Users/Work/Documents/esp-ws/esp-idf-v4.4/components/esp_https_ota /mnt/c/Users/Work/Documents/esp-ws/esp-idf-v4.4/components/esp_https_server /mnt/c/Users/Work/Documents/esp-ws/esp-idf-v4.4/components/esp_hw_support /mnt/c/Users/Work/Documents/esp-ws/esp-idf-v4.4/components/esp_ipc /mnt/c/Users/Work/Documents/esp-ws/esp-idf-v4.4/components/esp_lcd /mnt/c/Users/Work/Documents/esp-ws/esp-idf-v4.4/components/esp_local_ctrl /mnt/c/Users/Work/Documents/esp-ws/esp-idf-v4.4/components/esp_netif /mnt/c/Users/Work/Documents/esp-ws/esp-idf-v4.4/components/esp_phy /mnt/c/Users/Work/Documents/esp-ws/esp-idf-v4.4/components/esp_pm /mnt/c/Users/Work/Documents/esp-ws/esp-idf-v4.4/components/esp_ringbuf /mnt/c/Users/Work/Documents/esp-ws/esp-idf-v4.4/components/esp_rom /mnt/c/Users/Work/Documents/esp-ws/esp-idf-v4.4/components/esp_serial_slave_link /mnt/c/Users/Work/Documents/esp-ws/esp-idf-v4.4/components/esp_system /mnt/c/Users/Work/Documents/esp-ws/esp-idf-v4.4/components/esp_timer /mnt/c/Users/Work/Documents/esp-ws/esp-idf-v4.4/components/esp_websocket_client /mnt/c/Users/Work/Documents/esp-ws/esp-idf-v4.4/components/esp_wifi /mnt/c/Users/Work/Documents/esp-ws/esp-idf-v4.4/components/espcoredump /mnt/c/Users/Work/Documents/esp-ws/esp-idf-v4.4/components/esptool_py /mnt/c/Users/Work/Documents/esp-ws/esp-idf-v4.4/components/expat /mnt/c/Users/Work/Documents/esp-ws/esp-idf-v4.4/components/fatfs /mnt/c/Users/Work/Documents/GitHub/microByte_firmware/components/font_render /mnt/c/Users/Work/Documents/esp-ws/esp-idf-v4.4/components/freemodbus /mnt/c/Users/Work/Documents/esp-ws/esp-idf-v4.4/components/freertos /mnt/c/Users/Work/Documents/esp-ws/esp-idf-v4.4/components/hal /mnt/c/Users/Work/Documents/esp-ws/esp-idf-v4.4/components/heap /mnt/c/Users/Work/Documents/esp-ws/esp-idf-v4.4/components/idf_test /mnt/c/Users/Work/Documents/esp-ws/esp-idf-v4.4/components/ieee802154 /mnt/c/Users/Work/Documents/esp-ws/esp-idf-v4.4/components/jsmn /mnt/c/Users/Work/Documents/esp-ws/esp-idf-v4.4/components/json /mnt/c/Users/Work/Documents/esp-ws/esp-idf-v4.4/components/libsodium /mnt/c/Users/Work/Documents/esp-ws/esp-idf-v4.4/components/log /mnt/c/Users/Work/Documents/GitHub/microByte_firmware/components/lvgl /mnt/c/Users/Work/Documents/esp-ws/esp-idf-v4.4/components/lwip /mnt/c/Users/Work/Documents/GitHub/microByte_firmware/main /mnt/c/Users/Work/Documents/esp-ws/esp-idf-v4.4/components/mbedtls /mnt/c/Users/Work/Documents/esp-ws/esp-idf-v4.4/components/mdns /mnt/c/Users/Work/Documents/esp-ws/esp-idf-v4.4/components/mqtt /mnt/c/Users/Work/Documents/esp-ws/esp-idf-v4.4/components/newlib /mnt/c/Users/Work/Documents/esp-ws/esp-idf-v4.4/components/nghttp /mnt/c/Users/Work/Documents/esp-ws/esp-idf-v4.4/components/nvs_flash /mnt/c/Users/Work/Documents/esp-ws/esp-idf-v4.4/components/openssl /mnt/c/Users/Work/Documents/esp-ws/esp-idf-v4.4/components/openthread /mnt/c/Users/Work/Documents/esp-ws/esp-idf-v4.4/components/partition_table /mnt/c/Users/Work/Documents/esp-ws/esp-idf-v4.4/components/perfmon /mnt/c/Users/Work/Documents/esp-ws/esp-idf-v4.4/components/protobuf-c /mnt/c/Users/Work/Documents/esp-ws/esp-idf-v4.4/components/protocomm /mnt/c/Users/Work/Documents/esp-ws/esp-idf-v4.4/components/pthread /mnt/c/Users/Work/Documents/GitHub/microByte_firmware/components/sd_storage /mnt/c/Users/Work/Documents/esp-ws/esp-idf-v4.4/components/sdmmc /mnt/c/Users/Work/Documents/esp-ws/esp-idf-v4.4/components/soc /mnt/c/Users/Work/Documents/GitHub/microByte_firmware/components/sound /mnt/c/Users/Work/Documents/esp-ws/esp-idf-v4.4/components/spi_flash /mnt/c/Users/Work/Documents/esp-ws/esp-idf-v4.4/components/spiffs /mnt/c/Users/Work/Documents/GitHub/microByte_firmware/components/system_configuration /mnt/c/Users/Work/Documents/esp-ws/esp-idf-v4.4/components/tcp_transport /mnt/c/Users/Work/Documents/esp-ws/esp-idf-v4.4/components/tcpip_adapter /mnt/c/Users/Work/Documents/esp-ws/esp-idf-v4.4/components/tinyusb /mnt/c/Users/Work/Documents/esp-ws/esp-idf-v4.4/components/ulp /mnt/c/Users/Work/Documents/esp-ws/esp-idf-v4.4/components/unity /mnt/c/Users/Work/Documents/esp-ws/esp-idf-v4.4/components/usb /mnt/c/Users/Work/Documents/GitHub/microByte_firmware/components/user_input /mnt/c/Users/Work/Documents/esp-ws/esp-idf-v4.4/components/vfs /mnt/c/Users/Work/Documents/esp-ws/esp-idf-v4.4/components/wear_levelling /mnt/c/Users/Work/Documents/esp-ws/esp-idf-v4.4/components/wifi_provisioning /mnt/c/Users/Work/Documents/esp-ws/esp-idf-v4.4/components/wpa_supplicant /mnt/c/Users/Work/Documents/esp-ws/esp-idf-v4.4/components/xtensa
-- Configuring done (6.3s)
-- Generating done (1.1s)
-- Build files have been written to: /mnt/c/Users/Work/Documents/GitHub/microByte_firmware/build
Executing action: reconfigure
Running cmake in directory /mnt/c/Users/Work/Documents/GitHub/microByte_firmware/build
Executing "cmake -G Ninja -DPYTHON_DEPS_CHECKED=1 -DESP_PLATFORM=1 -DIDF_TARGET=esp32 -DCCACHE_ENABLE=0 /mnt/c/Users/Work/Documents/GitHub/microByte_firmware"...
